{"/Users/haijinsha/IdeaProjects/dengshen/jstools/src/index.ts": {"path":"/Users/haijinsha/IdeaProjects/dengshen/jstools/src/index.ts","statementMap":{},"fnMap":{},"branchMap":{},"s":{},"f":{},"b":{},"_coverageSchema":"1a1c01bbd47fc00a2c39e90264f33305004495a9","hash":"b21f8abd72bb9a76adca9db8fef2fa1aed9820fe"}
,"/Users/haijinsha/IdeaProjects/dengshen/jstools/src/isObjectType/index.ts": {"path":"/Users/haijinsha/IdeaProjects/dengshen/jstools/src/isObjectType/index.ts","statementMap":{"0":{"start":{"line":2,"column":2},"end":{"line":2,"column":57}}},"fnMap":{"0":{"name":"isObjectType","decl":{"start":{"line":1,"column":16},"end":{"line":1,"column":28}},"loc":{"start":{"line":1,"column":39},"end":{"line":3,"column":1}},"line":1}},"branchMap":{},"s":{"0":8},"f":{"0":8},"b":{},"_coverageSchema":"1a1c01bbd47fc00a2c39e90264f33305004495a9","hash":"6be9224254419aa3127eeb93bba28567840134e6"}
}
